497
0 3298 2563 3172 4486 6953 5195 8428 1452 6028 2736 4178 7186 883 6067 3414 1208 9759 
1 2177 2465 3012 3592 812 204 3982 1296 2288 7699 3222 6774 9270 5111 4985 5882 858 6716 2015 
2 1602 4194 3524 1668 9448 9483 8495 1745 337 1331 5271 3132 1533 
3 2560 9313 5159 490 3596 8396 6253 2607 9968 6549 6938 6653 2719 1695 
4 7713 9636 1125 1319 199 935 1962 9995 8460 2028 5550 9874 7251 1686 8216 6426 4347 1567 
5 8385 418 2248 2345 4720 7120 8890 5532 3068 9533 3838 7006 1535 
6 2240 8740 4388 9956 9351 5801 1834 3758 9364 2584 8637 8605 6527 
7 1024 2435 3299 231 1992 1649 946 3958 7769 8762 6236 8125 1982 
8 2240 8198 263 488 6249 3340 8620 9804 7949 5393 2548 4277 7193 9050 9374 
9 6917 1734 4326 8999 5607 7400 9003 4558 336 2129 7537 3153 7413 8758 3194 3643 4347 
10 9921 8738 834 259 1445 4490 1450 9930 3787 2956 1105 3636 1272 7289 9820 5023 
11 2240 8897 705 6433 6529 321 8905 9737 5611 332 1230 3894 6264 
12 5312 7296 4995 935 8840 1161 4622 9550 6062 1849 4347 2939 7869 8638 
13 5795 8484 2404 8453 9702 4326 4136 3625 4779 2638 9007 754 1719 6743 5375 447 
14 2083 3876 8872 6281 1260 9583 5968 6672 5715 9365 1045 4984 5880 4985 4444 3549 8029 
15 3456 321 2150 3883 6027 1773 9006 79 4761 7066 1882 4380 5503 
16 8644 6693 3562 1611 4525 9805 5714 5298 5522 6133 4213 5717 5179 2555 5245 5917 
17 3077 4199 3561 3338 3018 9739 4013 754 5429 2967 6938 3548 8861 
18 5536 4897 6178 1572 1668 7846 362 7884 2220 367 9007 5010 9939 148 1270 2491 2111 
19 8514 5027 7941 518 5416 3820 6514 3794 6035 7699 2904 8057 2590 8703 
20 2240 8610 2211 9667 644 1774 79 9168 7121 5363 8888 5977 6587 5244 3615 
21 2 2436 9988 3463 1770 4042 9388 6765 4237 7791 79 8051 3316 3350 4855 1080 2431 639 
22 9216 2691 9156 1668 7880 7660 5869 7662 4176 5302 759 7192 2648 7256 1276 
23 6337 3106 2147 8387 8200 4649 9932 1711 5617 6517 4054 891 7261 8351 
24 3936 9121 1668 5483 9133 4206 8462 9392 5427 5013 9238 6263 3419 6654 
25 8704 7137 2945 2657 6467 4131 7947 9265 2962 6231 2845 9533 8543 
26 321 3650 2690 9924 167 935 4714 5962 3021 3118 7918 6639 2160 2546 6810 4255 
27 3009 5794 4258 7525 5094 8906 5070 4560 2161 6353 882 1205 8125 190 
28 1344 2240 2721 1668 4421 9573 6601 3786 7119 5523 2771 7604 6229 8763 8605 4703 
29 2818 4934 9799 935 2986 1905 7540 6869 1494 4087 2327 9688 9948 29 
30 2240 2082 5858 9895 8583 7847 5391 5329 9428 1142 7352 5437 4158 
31 7968 1953 7233 2212 5829 8967 7851 5741 7470 8206 4431 8816 3408 2962 2170 2365 
32 9856 1158 550 9418 746 9388 2126 7439 1839 5523 372 244 6613 4991 
33 9968 7986 1938 9650 1637 537 155 9035 220 9102 5119 
34 8738 9059 7782 9799 7883 3726 5680 656 1328 6963 5940 728 4859 
35 4704 4353 8674 2404 8741 7883 9292 5708 4076 4431 7535 5521 1979 
36 4224 5445 2567 107 3501 6925 79 3281 8084 1336 5752 2107 5179 8637 
37 5667 3363 4395 1804 2125 1362 2067 499 8340 3894 2904 9980 925 
38 5504 3936 4837 328 2703 8208 4018 2867 9301 3291 5950 3966 1407 
39 7234 4291 3080 9224 4558 4559 1553 6258 6101 8566 22 4534 5110 5881 8348 4444 2879 895 
40 6370 1827 2755 5476 8005 4710 9743 2192 4624 1457 7195 7003 3997 
41 3744 1984 7105 9250 7268 5701 8710 7110 9545 9075 2680 3293 9855 
42 4224 7296 9026 2155 3311 4367 7313 4306 8595 4661 6424 5466 3707 4251 8157 8861 
43 3457 2339 1123 9923 259 6950 1383 8971 1201 2417 4055 3132 4735 8223 
44 1091 9511 6024 3306 6282 9388 720 2680 7800 505 3612 93 2877 9533 
45 161 6595 7013 5478 8263 1960 2155 7885 4429 2191 4561 9075 2420 2294 6745 9533 4159 
46 448 2240 7910 3084 6544 7504 4435 6547 918 9367 6135 1850 6879 
47 4288 3748 2822 9132 3150 6096 593 5715 1943 8247 4664 6234 1246 8159 
48 2240 833 33 1218 4739 5859 9381 2054 6538 9007 2512 3504 9587 4051 6547 981 6972 
49 5312 4546 4419 9929 7210 6187 6925 3149 720 4757 7160 2972 6588 3005 7997 4511 
50 3587 3012 1513 6857 9419 621 1455 79 2704 2033 6257 9138 5043 8246 1343 
51 9123 9204 2341 1590 5350 9302 8728 1049 3978 9852 7949 1102 
52 7426 3074 3524 1348 613 230 4424 1274 7195 4396 4318 1742 
53 8160 3398 4326 1096 5898 8718 532 2676 7542 9304 2457 8511 2175 
54 6497 321 6498 7429 3048 6985 6637 8238 8593 2289 2773 7353 6105 5850 893 
55 6311 9543 4551 2536 4073 4651 4684 1646 3374 6127 915 566 5592 
56 9376 7909 1510 9990 4265 8617 2058 5194 3819 1230 4913 1554 8406 3287 9079 1625 1626 
57 7296 8193 6978 8163 4675 4133 582 6025 5962 9007 9649 6385 82 2771 8021 5143 3383 8120 1627 1534 
58 4869 5862 4327 5351 5867 5869 5422 3312 1746 3381 728 8954 989 7679 9887 
59 3904 4741 5702 4775 4170 141 8942 79 5522 7701 5301 9558 8699 3644 5406 
60 2240 8097 8130 611 6467 5285 3526 8937 4586 7025 6834 4345 7069 8255 3263 
61 4225 321 674 8994 9676 8653 1134 655 8432 2992 9842 7762 9721 6522 765 6205 7709 
62 979 6164 8116 6857 3514 490 491 6395 3003 5677 4319 
63 3936 9505 4740 3940 8074 3087 210 6454 4728 9080 8793 2329 345 8828 8796 6270 
64 1920 7493 4710 9129 427 3053 366 5842 5906 9011 6550 3703 2777 7642 3837 
65 8272 2258 3394 2213 5557 1239 5307 2701 7935 
66 1316 741 2055 4490 940 620 3885 9487 7023 3059 2263 8889 1149 
67 2434 4450 6312 6281 6154 6890 427 268 8976 1299 1142 9688 3803 1532 
68 2562 7076 3877 7946 6538 1164 8814 5007 8336 2610 6964 5595 3643 444 
69 4322 8805 6790 4743 1928 9834 780 273 6547 7188 84 5078 2550 3543 4856 9592 
70 3392 5762 3908 8580 9029 3244 2704 8467 6387 7606 23 8538 2138 7228 4830 
71 7168 8480 3905 7234 8994 676 3977 1897 5899 4076 7980 9036 9968 1783 9848 4349 7806 
72 1796 9959 9159 2155 5805 79 3153 4242 5204 276 468 3125 1977 6554 538 2875 766 
73 8002 5794 3751 4105 7787 4653 9104 8721 7699 7733 2263 8536 1180 
74 5248 1636 2757 6027 9485 5326 242 4340 757 7606 3896 3128 9305 6686 1375 
75 1376 321 8739 2533 9318 9488 5040 9781 7736 2329 4636 9340 8221 
76 8513 2 3971 4292 2693 9865 3113 9898 7692 7948 1198 2576 625 2962 1014 2903 286 
77 3745 2 3012 4997 5737 6058 8140 1871 1010 8914 7923 6005 9493 3643 3390 
78 2368 321 4134 2566 9642 1200 2288 7122 4083 9139 2070 2424 9693 
79 8005 1798 7879 1865 2509 6542 7761 7187 9076 4344 6296 6170 3965 1246 
80 5634 454 6054 1383 4970 3370 7726 3982 751 1903 4241 3989 4474 955 9244 8350 5886 574 
81 2240 9505 3169 9282 5797 6919 8785 6482 3315 8311 3864 1304 8925 2109 
82 7120 2401 6119 7384 2393 5017 3865 9770 6858 7837 4685 3535 
83 8480 4704 3042 6948 868 8134 8491 8332 6189 847 6041 6010 7226 3419 4541 4159 
84 8864 8290 6691 5412 8134 7463 5992 7048 3340 3119 4143 3121 7219 2422 3864 4985 6171 4734 7327 
85 5152 5345 5697 4298 2699 268 8303 6609 1299 2643 8281 8924 9757 
86 736 5986 9138 7155 868 9350 9159 8664 6123 3837 3599 2671 
87 7968 9061 8328 8169 810 9007 6321 5109 5815 2744 8059 2622 2590 
88 8353 202 7306 524 428 1038 496 915 1683 5556 4505 8859 2203 4959 
89 2497 2882 8387 7140 1668 4901 6054 5158 199 524 2962 6355 7061 3894 5783 376 7353 9274 5691 1950 
90 7265 9539 1348 3461 7751 3784 7240 8521 523 2155 4972 4495 9968 8337 8498 7026 1908 1942 1145 6269 3710 
91 8193 2275 8419 3812 3877 5836 9453 6606 5135 5679 3376 4786 9459 949 6837 7413 9529 2234 
92 7584 9089 452 3012 7 6541 8878 2640 4400 8370 660 1044 1077 2229 9815 9624 1179 
93 2240 2466 4674 4354 9731 6341 709 1161 3018 5962 9069 5230 8880 368 1170 2515 7227 6717 5437 
94 8384 321 354 2182 3084 3660 7474 3412 7413 5622 2711 5722 3035 2779 5502 
95 3936 4901 679 2120 4777 8491 4558 6030 9263 4402 4531 1335 280 6938 9595 5182 8767 
96 5251 6116 9156 648 5384 266 3051 715 2702 6640 4848 4402 1978 7167 9087 
97 1698 3394 259 6917 8101 5998 9137 7569 3316 4501 7607 4824 2939 4445 8862 2878 7775 
98 8305 5075 9796 4390 5847 3095 136 4521 3017 8014 1822 
99 6049 3905 1668 3144 1835 6187 2764 461 5229 9710 142 79 4209 9210 2492 8445 3807 
100 6624 2 935 5929 3691 4780 8628 6709 9207 9655 4057 5754 2874 2459 7517 
101 8352 2240 417 3908 1348 1383 5644 4046 1233 5651 3926 9238 634 442 4253 9181 2910 
102 9248 738 5795 4580 1670 8647 7688 3372 7152 6035 4341 214 8090 62 4671 
103 6560 3936 4994 8004 9834 2796 6157 3759 3987 2613 4693 2872 5177 5209 7481 
104 2465 3074 8387 2340 8583 1032 2985 2858 4906 9900 3885 9197 3502 3376 8307 2583 7194 2395 8510 
105 5280 4097 4066 3334 360 1352 9545 427 3666 6259 3797 7963 5341 5437 1663 
106 6208 2240 2983 9641 6573 82 594 5715 5332 7062 6134 5848 8345 5499 5661 1534 
107 4450 2754 8011 3469 79 3664 1840 2673 5266 1458 9429 2293 6525 7486 
108 3841 8738 3074 2 1443 9604 4229 425 907 8911 1327 1586 7252 374 9848 3353 4542 30 5407 
109 4992 3202 7204 5606 1479 939 6636 4749 7949 4463 6547 1299 6038 5338 3450 4253 5182 
110 8514 7747 7843 3748 1348 4808 7528 7754 3147 1581 3378 2962 1686 7355 6877 
111 8097 7841 8387 8903 169 5961 1195 2644 2555 5533 3294 3583 191 
112 8577 8002 7747 132 7652 8522 9931 8943 8431 7185 1105 2802 4722 7732 2902 1271 6457 475 
113 8033 3722 8080 4880 4530 210 1299 7699 8408 9529 9722 1435 2555 8508 
114 8644 9895 8234 6826 2858 3182 6961 6324 5621 7833 316 6748 8383 
115 1440 578 5762 4965 1639 7304 1710 4304 2931 5779 2391 2263 5466 6045 
116 2672 4996 9400 1577 569 7322 1146 539 6606 3982 
117 8481 1027 291 8645 39 583 1064 7880 2476 2701 273 8183 760 1336 
118 6176 1890 7907 9667 812 8461 493 5103 6095 9842 662 3351 183 1405 4159 
119 3584 2882 34 4708 9513 1066 6988 8913 6961 1363 7445 3797 7321 1721 3101 
120 8368 7713 2770 259 7028 1621 6937 4986 3755 6043 9003 2381 
121 2017 2 1476 4199 3113 9067 844 6924 6351 4243 659 8787 9172 8822 4185 4414 
122 4352 2817 7110 8264 362 427 7308 1357 429 8526 2385 311 3320 5085 3486 
123 9920 4657 2963 4806 8440 6216 7240 3642 219 9389 2189 1070 
124 8994 5636 4230 8615 1353 4331 1327 752 2417 2962 7155 7987 7413 8376 7197 6429 6783 
125 7233 6370 3333 9545 2666 4971 5548 7629 5552 5715 212 9172 919 4312 9752 6331 828 8861 
126 449 3619 2180 5412 1557 7223 4888 1867 8861 7358 4623 
127 3584 6914 2 2532 5861 7877 4007 5161 7629 1070 818 8147 4247 157 
128 6464 8131 9060 1956 5382 4966 4937 9770 1805 9650 8119 6647 6327 8827 4508 8797 
129 9889 9842 4307 5012 6021 3351 441 7401 1386 4812 6316 782 
130 1536 4769 9283 7910 8614 2342 8361 3438 719 2643 7414 7415 7547 412 9887 
131 7681 5155 2948 5831 3336 6601 3081 4394 9834 5804 3376 1394 2962 3510 7480 1567 
132 6529 1171 979 3542 5049 955 8588 2892 877 1565 6686 
133 2436 8260 9445 9637 8487 935 1521 2962 4211 5300 3544 3418 731 8668 
134 3776 3616 7296 9132 3214 3539 1652 5494 1302 9654 3543 8410 6170 8219 9437 
135 9888 5153 8195 1383 7880 552 364 6350 9326 1359 9169 2514 5818 
136 7251 9108 5317 9686 55 568 7358 7503 751 79 
137 4739 8213 5925 7559 8807 663 919 7816 4938 4107 7196 7870 
138 8464 3649 5748 1509 8982 566 8167 7144 3992 3338 2379 139 
139 2 7811 3142 1767 3467 4908 4463 945 8758 6232 7065 8699 799 
140 6242 3558 7021 400 1328 2288 9556 3764 2327 6042 3099 3806 2751 
141 260 5477 5509 6502 4103 8748 7884 1423 7153 2962 5715 7443 6452 1078 1626 
142 1633 482 5762 8131 2343 7883 2059 8174 9263 9615 3057 7601 9206 8920 8507 605 9245 3005 
143 9056 673 8995 2404 360 9576 5715 1908 8596 4181 2364 4380 412 
144 2 580 1000 9224 335 9839 9167 3600 7543 8728 2169 794 9818 
145 2880 1665 4995 8580 1956 8329 6089 9041 3409 6739 5941 5781 3382 3383 5465 5469 
146 3077 5515 8172 1007 5711 79 3665 6705 8626 6931 7799 1978 5563 3260 8445 
147 5185 5282 7235 8457 1708 7949 6931 8404 8916 5045 5400 2138 6044 
148 6896 3776 3683 115 6547 5093 2998 423 5015 3502 8990 
149 4416 6211 6420 7573 9255 4987 2699 5643 7676 7453 6959 
150 1793 6370 6818 7426 7909 4807 8684 6708 7510 3288 4569 4027 7709 2143 
151 2562 4483 8973 2061 4527 79 5744 2353 6545 1618 6258 372 1109 6101 7482 5659 
152 8224 3232 9858 7652 2405 8072 3625 5163 6478 2962 6003 9139 3608 7322 
153 2816 6465 4386 5251 6531 4264 9545 5902 8208 2741 4759 696 2938 6590 
154 3776 5537 7522 6920 9963 4015 9878 6457 5529 571 3356 9533 9470 7391 
155 1153 7940 389 8486 2823 786 2962 5204 2645 6613 4572 3613 2302 5855 
156 4032 8016 1361 3602 8389 7573 4774 1318 4311 2121 5339 2669 
157 640 5121 193 5348 3462 9196 7628 2958 9968 2962 6899 4341 4124 8413 
158 9413 1034 6862 4142 2197 7413 503 6840 1752 3610 4891 4093 7743 
159 8722 8196 1573 5078 7591 9784 7865 4409 6379 6524 476 
160 5504 9219 8904 1737 1708 7949 2127 5232 6577 5202 2258 182 3836 7903 4031 
161 2240 102 9738 8010 2160 5553 1267 5748 7861 7190 5240 2169 1785 1916 831 
162 7169 2946 2 8195 3588 7236 8264 7338 3981 6381 7853 3256 760 9178 4319 
163 8162 5762 7110 9511 3689 1481 4906 8426 6060 7118 1937 7827 8023 
164 8387 6437 4008 4938 5611 2641 3762 116 661 7447 3481 4795 2747 
165 4326 6503 1287 233 6890 6954 3820 140 1357 5683 9333 8854 8953 3581 
166 8994 5445 9161 7721 1163 9485 6385 8817 4370 6196 854 6681 7258 3836 8125 6143 
167 2240 2401 2818 5155 740 2215 5704 9546 913 7153 8594 7925 6141 382 
168 7840 8993 3297 259 1668 6437 2470 6027 2285 1391 5873 951 5371 956 
169 321 1637 1958 8390 9224 1448 8682 3918 8943 178 6676 2133 8248 2555 
170 1984 4870 7 237 3152 8240 5744 6033 8018 5810 9459 1940 1081 8986 
171 5825 7525 8331 3180 9457 1105 1106 5715 6676 2548 3796 7578 9823 
172 592 9360 7873 1650 5683 9364 3014 6952 7965 9774 5838 
173 8768 6656 2240 9409 7170 5957 2598 7624 8363 7789 5293 3727 2194 6260 9014 1879 9368 952 
174 8544 6273 2547 5748 7685 1622 7609 9499 5405 5166 7902 
175 3073 8099 4867 71 9703 7738 2986 6507 7148 6733 9694 
176 4326 9288 7816 5961 8522 4523 9643 4524 1902 6992 6545 7954 2962 9885 
177 3429 8261 6599 3721 3209 6506 8683 7693 4079 847 9007 208 8407 3320 
178 674 2 932 9764 6758 9959 5127 9102 5582 5966 9423 626 4819 7223 2264 
179 9696 963 5923 3111 4647 3561 1674 3018 1354 3147 5548 77 4301 6258 3061 2389 2934 5880 7545 2074 
180 7552 6608 2288 4241 706 9700 5525 8646 1927 3048 1146 3274 
181 242 1028 340 3879 7880 2217 3241 8587 3163 7772 3933 2078 
182 5729 321 9650 8882 7044 7318 5447 6808 4827 6379 699 174 
183 8674 4294 9638 3240 8650 1072 9968 1555 2804 5016 8056 5437 3902 1215 
184 9057 2501 4293 4871 8520 1130 2962 5779 2549 6134 5176 1625 7804 8766 
185 2976 3587 5347 5251 6757 5131 1964 366 1678 1937 5873 725 2741 3032 2555 
186 6224 5601 9171 8163 4822 2584 201 5401 7114 1162 9839 847 
187 7153 1732 5430 4183 2472 8665 1114 1035 5693 8462 2191 
188 4326 4199 6794 7210 2669 1838 276 6166 1882 3037 1437 7965 3454 
189 9392 4961 7699 7237 8150 8615 3655 9370 5578 1115 6827 4830 
190 2913 8098 8743 8716 8942 5809 851 2676 3030 5750 7544 1721 1979 
191 5093 935 7723 9547 4140 9871 8400 6417 8850 8722 7860 5754 8858 
192 3267 6607 3376 2737 1202 2515 1046 9015 3383 5880 8442 6974 7806 
193 7617 1602 2498 3368 5741 3117 7469 5525 5462 6167 183 732 6428 9503 
194 4512 8866 3077 165 8231 6952 5805 3758 6320 8531 979 2006 3126 3454 
195 6144 992 1170 9331 1764 4855 5561 8410 7245 4381 6415 2927 
196 6628 4645 9512 3210 7916 5038 9007 3537 7601 1586 3987 5972 9367 2748 
197 3857 4641 3877 3815 6663 1976 2745 3193 4909 2687 9935 7055 
198 5041 7491 4899 1989 9301 5914 1770 8443 2555 2124 6572 7213 
199 5952 3634 723 8052 7558 7371 1467 1611 4253 4910 
200 5346 5862 1289 3529 747 5388 6609 4978 6482 2164 341 1719 7801 7290 3870 
201 5824 4225 3074 9955 7492 9637 3816 9933 8527 7475 5909 4341 831 
202 419 4901 4583 6125 3789 7888 3376 8113 2099 1715 2196 6423 1657 5883 4284 
203 5552 7249 2564 2709 3077 5607 4841 3306 652 8572 1982 9726 
204 608 3297 3714 4754 6227 6628 2900 9444 1189 7353 2329 
205 5666 7526 7595 588 3309 9134 4942 5326 7567 5715 539 667 5019 
206 1600 6048 1248 8705 6693 5046 2631 3943 812 5581 5789 7517 
207 8000 9666 7171 6534 5032 1323 3054 9646 4851 8949 3637 535 8187 3805 
208 4448 65 5601 8258 6854 6794 3885 4302 7438 7796 6332 381 5567 
209 66 8068 1799 8008 8105 1353 3243 5451 7248 4496 9747 5462 4887 888 5853 9533 287 
210 144 9108 9140 644 7909 1416 3720 2843 3195 3885 
211 6338 9366 7638 214 3830 1927 7114 2458 9931 9308 8780 7279 
212 5730 6723 8803 2313 3086 4624 2480 2643 8983 3387 1052 1020 2622 
213 9744 5825 338 8595 3894 2695 9127 6840 3946 2012 8029 5359 
214 8241 8081 5554 8514 7155 3284 4181 8069 2454 4987 9388 5468 
215 9953 7490 6631 6232 745 9243 6876 7004 5340 429 6654 7118 
216 6054 9063 6953 585 4778 1835 1773 3056 7377 3442 2291 1588 7542 3548 
217 433 5395 1111 2231 8359 5415 5400 5353 8105 4635 3791 
218 9194 9034 44 7153 6516 8212 7481 8059 7164 8957 8542 5950 3262 5055 
219 7938 9715 6309 6357 1542 8391 9527 4855 3565 8989 4189 8175 
220 7586 8899 4553 6762 3884 4909 5486 2062 9395 2997 182 6712 1017 7676 
221 9281 8739 3363 8915 2197 3126 9593 5195 2875 3404 2109 2638 
222 6881 3778 7875 7652 6342 2952 9160 8302 8275 3670 3735 2203 3999 
223 2432 8389 647 2795 9388 8268 333 1391 2639 1807 243 4599 3580 
224 6241 1316 1893 2296 2778 4314 1963 7611 2603 2973 2157 1790 
225 2992 4257 3923 6020 1349 7351 2169 8236 6556 3277 2830 6287 
226 6848 4097 738 1091 6824 2925 463 1071 6959 5458 6613 3606 1854 4703 
227 131 9959 3048 329 265 1387 3724 5836 9068 7149 2288 7922 1302 6585 3227 2685 
228 498 8994 6691 3829 8358 7398 4054 4968 6362 1629 5630 
229 8994 9828 2183 2858 8715 9997 270 5230 210 7411 1909 3637 9111 7386 9242 
230 7072 9056 6917 8332 7949 7953 7575 920 120 3770 4987 3484 1534 
231 4832 2403 4035 6565 9702 2346 6639 2930 2068 7383 2585 219 2655 
232 4835 1414 8391 6953 5610 4908 1548 3023 7060 4981 5335 2780 8319 
233 9248 1888 4579 5958 9255 4140 3789 3757 5869 5680 4081 4147 9716 1178 2495 2463 
234 6375 2696 7849 5193 4073 6635 8204 3376 3153 5235 2326 3895 5400 1785 2746 316 
235 9602 4133 4901 871 139 4659 2453 1623 8216 6488 6265 5628 3871 
236 7040 6082 1636 8740 3464 265 7642 1996 1581 5246 
237 961 4386 8294 9192 200 9577 2923 5388 8814 7697 8722 3828 7384 2749 
238 9798 4015 7247 2834 1906 4786 4691 979 91 1435 6523 6748 3837 319 1695 
239 448 7652 2279 5929 5418 3371 3217 6258 3189 7318 2105 5148 4444 6621 
240 224 6641 5460 9348 645 8680 6616 9048 7434 9083 8476 1420 
241 930 2596 8900 4485 2437 1574 4808 873 5360 1813 7895 4855 6971 4158 7902 
242 3840 5856 6402 98 1122 3427 3172 8420 5766 7314 3447 8153 1948 
243 9842 3508 4148 213 4857 8010 9450 5866 1549 142 2447 
244 6496 7648 7682 1282 2694 3144 2730 1611 7276 5584 4437 2614 1401 7741 5023 8671 
245 4929 1157 8808 6825 6509 4941 5743 6447 7762 7125 5143 3450 282 7516 6364 
246 2688 6176 4035 3846 2119 329 9451 173 1071 5296 1040 3667 5177 5917 8831 
247 5920 3362 7364 6951 3336 265 2602 5069 8785 2962 7699 8313 6458 1115 
248 7248 288 6786 2483 8644 9445 969 3770 538 9355 6318 
249 6144 2274 8307 3829 1735 5960 6569 8234 5100 8812 5549 3135 
250 4801 6594 339 6181 9256 3144 1771 331 7163 2044 1020 3358 
251 7042 6562 357 3653 4166 5963 3371 6066 9330 4402 8571 6875 8188 4284 
252 3715 2981 5835 6029 2126 5838 8627 4531 1850 3739 6908 8125 7870 638 
253 325 7495 2986 5675 8460 6412 7021 2803 5112 6105 6013 2494 5663 
254 2272 3584 3173 72 392 2922 4651 1136 9618 9362 7771 3995 1436 
255 992 4483 5126 1063 4071 874 4591 6640 8753 6770 1556 9526 2614 
256 864 5426 3714 1763 8116 2727 233 8298 2586 1676 5964 3741 
257 8644 9125 4550 9831 2727 8841 9258 5389 4080 6290 915 7123 6454 6777 
258 9845 4629 7429 3655 1431 696 1881 3897 9133 5117 9997 7231 
259 416 3121 2547 7779 725 4341 4279 745 9626 6762 8430 
260 3649 8084 421 7718 9798 6507 267 4588 493 8221 6878 
261 1219 7078 9321 6793 5546 202 7340 366 4334 7216 7220 7029 4668 
262 5360 4304 4849 2369 8228 4985 7770 4763 7484 6845 206 
263 5379 6341 4041 8619 6667 9483 4620 6413 2640 1972 4180 3605 9398 7615 
264 6401 6946 9954 3941 8075 2572 6928 6836 2103 1176 3768 5211 1438 2175 
265 4496 8224 1824 8944 9634 9811 1620 2773 2649 2460 718 
266 8720 7105 3762 1666 658 1042 36 8469 8253 4671 3471 
267 3745 226 9189 7977 9482 7306 7435 300 8845 9965 4271 7281 9407 
268 5408 2433 9126 2503 9352 2281 8716 2190 9327 3602 6034 6066 2776 2424 1307 638 
269 2823 8743 8073 1004 559 7986 8306 4182 1079 7448 7736 4540 5919 
270 3202 9044 1093 53 4838 6054 473 4985 7274 4555 845 
271 2499 8388 9477 5639 5960 1000 1581 7438 1871 7730 4819 5428 8117 6586 
272 2644 949 1078 7784 7641 5146 4251 4347 2892 750 3982 735 
273 6468 9508 3525 5797 2630 3079 7208 9004 4909 5038 336 6258 8085 4693 8054 5275 9502 
274 7058 1379 1097 9466 6826 3130 2412 7133 7999 2959 
275 6832 7603 9413 8471 3735 1657 9818 9386 7901 
276 5153 5073 6209 9474 2485 2037 2533 8678 3158 2441 7229 735 
277 320 8225 8579 8965 5477 5064 9226 3050 624 9524 7480 2202 8923 155 575 
278 4849 97 1506 2723 3235 307 6963 6340 9673 7581 4286 
279 1201 2977 52 165 838 2278 2327 571 2844 1309 6286 4607 
280 3168 450 5331 8675 6420 7063 5127 2506 3758 318 6718 
281 8768 2082 4965 9733 2951 999 8744 9899 3886 9199 8367 8213 5726 
282 657 961 4242 3586 9331 3843 4116 5895 4216 9674 3947 6861 
283 2340 6325 4901 2967 2359 1223 8714 2971 3308 8717 4094 8943 
284 1280 7042 4835 8036 5287 8904 649 1517 1774 6831 7797 9688 8954 220 
285 4641 8484 9671 2120 4366 6223 5776 1716 2868 4565 2232 1372 2175 
286 2386 5587 9716 8948 3973 7 2844 9725 8718 3006 5327 
287 146 1091 2148 5829 3846 7527 7880 5450 9484 1279 
288 6882 9734 8520 1291 5547 9262 5359 4944 1297 724 7732 2296 5178 8794 7290 6269 
289 7556 8747 4461 1901 8081 759 4632 3096 8632 4761 5401 5179 2398 
290 1298 7506 6514 5283 1476 5691 827 6172 220 8910 175 
291 7792 4624 4721 6547 5765 8216 7784 5209 9532 863 4671 
292 3152 8898 5140 1364 7029 7817 154 5468 6428 4461 4287 
293 354 482 9732 200 970 1774 4463 8183 9081 5402 9691 3867 1021 
294 7776 9889 4326 1319 3977 6698 8043 2354 1522 6579 6103 761 5085 1630 
295 5568 304 5248 5347 6022 2214 361 827 8476 8140 3693 2685 
296 7425 2225 7713 6690 4099 9204 2919 71 4568 2475 2365 1598 
297 8960 3424 5665 147 7427 5493 1302 5451 
298 8722 386 8051 4387 8708 6389 2504 4970 9835 5869 6478 6911 
299 3682 1410 293 8455 8041 7593 3242 946 9554 4851 8150 6134 4282 7261 
300 8288 2129 9233 6737 243 2357 2296 7977 6522 8186 5580 4765 
301 1893 901 6888 4778 7404 4556 2892 4558 7118 7926 9146 4538 5151 
302 2545 4417 3442 7635 1734 711 9703 297 5275 6492 7967 
303 4528 3283 500 4118 3318 8984 6345 3963 8043 5789 
304 2722 1672 3275 6187 5676 5869 5520 7057 7314 4915 6260 7797 8568 5084 2430 
305 9571 3126 2519 503 6776 6057 5533 2061 8749 
306 6851 1571 4484 2614 6039 7545 2426 6299 3614 4158 6558 6030 
307 9568 7424 4434 8021 5446 9785 5017 6315 3645 
308 9184 802 1639 4393 3723 587 5228 8815 8818 8434 6170 9276 3772 
309 672 7362 2418 2038 2550 4023 2935 631 7001 5786 9803 
310 7043 8227 2536 8681 8298 8523 7213 7055 2864 7445 5622 86 5757 
311 3252 7638 2071 2824 9001 9706 4763 9755 1309 1454 7215 
312 976 3536 3537 6161 3378 5540 3830 4071 6535 3418 4508 9295 
313 0 3104 6153 9867 7659 8940 2256 5905 1938 5331 5589 6615 2457 7131 
314 1648 2834 5013 8613 9557 1317 390 6456 8425 8682 4527 
315 1250 562 3988 7461 421 6886 2536 2235 2635 876 
316 544 6018 8067 9604 8837 4901 8295 9993 1577 9040 4594 8118 9047 7289 347 1311 
317 5392 8624 9861 1717 1429 5864 3724 172 9101 3677 9471 
318 5024 4263 8040 5738 6730 2859 1614 9934 3728 436 1878 2552 219 
319 8672 3746 3715 2915 8134 7591 4840 8109 5363 3285 2005 2582 7318 7736 88 9823 
320 1456 9808 7603 2531 2499 4809 6841 4170 1164 7020 3983 9487 
321 7426 4421 6183 8588 6540 4111 4591 7759 3153 2897 1205 7164 3229 734 
322 1888 3781 8966 3015 1351 5193 4107 4332 4175 8625 5394 1431 3064 1914 574 
323 4033 6706 8597 6439 1639 3991 6744 41 2234 8987 2300 9711 
324 5504 3537 2835 3892 2996 8581 7927 953 7947 301 6445 7709 
325 8674 2548 5764 5044 5624 6616 1353 2236 7340 2479 
326 6912 2308 2628 3013 9830 7655 8744 3240 8876 5517 1139 5144 3227 447 
327 5424 2850 9954 8276 4532 2101 7543 8586 6492 8701 3454 4558 
328 6017 1841 7234 3171 8629 4183 9064 3672 7852 7327 7839 
329 2272 273 4004 6549 7975 4522 4363 1595 3980 1757 7037 5310 
330 1809 5571 5044 2100 9370 4253 8989 62 5422 2494 8175 
331 3344 9378 3362 9590 2215 8088 1722 3885 3038 4911 2191 863 
332 1761 7298 7843 6997 1399 7929 2506 6158 1902 
333 2752 7459 259 2406 8935 3594 8779 7090 84 7956 2485 6102 6008 3609 1081 4510 8735 
334 2161 4065 7234 9475 2469 3286 4186 5258 8858 2715 5310 8975 
335 7874 5447 6507 4270 3855 7409 8245 3286 6105 2585 6778 8090 2938 8732 
336 2658 838 4294 3303 105 2187 9809 83 8469 8280 2201 6201 1625 6587 7741 
337 7345 7025 5092 2325 8405 6279 8170 9675 9627 5515 6188 
338 3426 5447 5389 7213 6349 5933 8752 7121 4501 6295 764 7965 701 4478 
339 6320 6626 7859 6020 6694 6918 6278 7818 572 6717 6879 
340 2272 8130 7317 1301 6613 4328 6809 618 7274 7069 5534 1551 
341 9139 3829 2742 3591 4743 8008 3978 9707 1165 4814 
342 8898 8851 822 2296 4010 5242 4266 1002 6715 9085 5582 6863 
343 6273 2788 7525 3848 7688 8776 1423 6480 5808 2008 9657 3611 3870 
344 9312 4176 5409 4291 6713 5706 8810 5611 8781 7885 9405 
345 1777 7218 8115 3379 5749 437 5622 7847 1479 8302 5886 
346 7603 3396 7972 741 166 4039 105 3628 765 2030 6063 4191 
347 5152 7713 7522 9510 1705 8143 240 3249 2290 3506 7606 9079 6042 7675 8188 
348 7248 7088 8594 4562 9859 3907 5283 8212 805 7734 4665 1055 
349 2400 8081 5825 1571 4086 1078 8774 887 4121 8637 5373 2351 
350 7986 7682 4626 1379 5686 1574 632 9928 7066 8461 5181 9133 
351 4736 3681 513 1763 7206 9414 1638 8136 8265 1740 8781 141 9776 4464 1394 218 1052 5693 
352 8851 1108 500 9045 5754 1243 5307 3501 3693 5342 5583 
353 9537 1509 8167 6695 6762 2987 1356 653 8303 8882 828 5884 1694 6270 
354 2000 6672 1620 997 4597 7414 614 8823 5660 4892 1693 
355 6000 9526 600 153 9897 8779 6635 9676 2396 1982 
356 6000 8833 5666 1763 917 4151 6378 9597 7453 4638 5007 8671 
357 1408 1537 3586 6434 7523 1253 2152 1226 7086 7792 949 5307 2556 
358 96 8960 2920 5036 3824 2803 6964 7320 3961 1273 3002 3802 895 
359 8964 1640 1577 2125 2896 178 8308 7413 4059 9467 2781 4223 1695 479 
360 2130 2450 6195 9700 5446 2089 4585 5897 2186 2076 6030 
361 6752 1765 9768 9640 7917 2349 847 4761 3867 1883 4924 9791 5503 
362 5312 9266 421 9094 2006 6103 8263 828 1151 7823 
363 7362 1540 8836 6805 3094 5001 4426 6491 7758 7118 1710 6575 
364 8977 1236 9316 9317 6133 4998 3270 7815 89 8972 1663 
365 882 2803 4439 6331 348 1902 1294 398 8511 3279 
366 8609 516 6149 3626 8750 9295 3888 7121 308 7734 1657 4123 7038 
367 9569 5393 9537 2673 6114 3764 9862 1851 4955 76 3325 5757 
368 4513 2227 885 6950 310 263 2169 4281 2681 9833 5565 9294 
369 4032 8464 720 3140 8630 4294 3784 9241 9705 4667 4015 3615 
370 7328 2848 5379 1686 3656 4457 6410 5419 2780 29 510 
371 3536 9106 7939 8659 788 6005 5414 6823 7962 1789 1935 
372 2176 9953 4577 1954 8739 6405 70 10 9167 2735 947 2745 9593 6175 
373 3604 196 7974 8138 8443 1851 108 4237 3037 7469 1710 7087 
374 8358 1128 4746 5930 139 4364 1682 8467 694 5146 860 1212 1310 2879 
375 8032 3793 2993 385 6872 7625 5386 7231 7663 
376 2851 9189 550 3851 9389 5679 9871 528 4401 8212 2485 7513 7899 5054 9087 9407 
377 5216 8501 8070 2886 4456 650 5322 5595 5707 3388 8734 
378 6546 3028 9172 1925 8921 8057 5434 1451 5883 7214 
379 3747 2900 134 4936 6905 9529 5626 8410 2426 814 9999 
380 9440 3392 8240 3031 8391 9128 2730 9372 1342 1183 1871 
381 1793 6625 227 7173 7174 3625 1098 3404 8436 5652 7350 1562 6652 4382 
382 9344 6835 387 2868 2825 3753 491 924 3964 6925 8574 9215 
383 4128 9409 2818 2500 7143 5672 2760 2476 9265 4308 6132 4662 9816 5240 2233 2013 
384 8384 8416 6437 7239 8297 9706 8014 7218 8275 3125 4696 2392 605 734 
385 9348 4201 8106 650 6797 1134 2736 7377 6231 7577 9882 1309 5885 3037 1150 575 
386 7232 4595 3267 5574 8934 1607 9130 27 7389 877 5983 
387 6368 2786 6275 5603 9933 1006 4462 399 16 8722 2611 5429 8789 6871 
388 8817 9235 9315 20 8196 1541 1733 2085 6646 457 7561 
389 8640 6035 6020 6597 4517 8118 2998 8664 4953 9022 
390 1409 1380 5446 7111 4808 1226 491 4364 1583 7889 5141 1398 5083 1981 5885 
391 6720 3074 8546 1195 686 4878 1423 5456 3476 2071 5560 5690 9626 3069 
392 5025 7329 6611 8004 7269 9926 4042 4187 9259 7660 
393 8960 3937 4994 996 3785 1673 6092 5710 1006 302 
394 7924 517 8069 8152 7945 1819 5403 9147 798 3934 
395 4801 4387 8357 1861 5189 5446 8743 4135 7112 7117 5400 3963 5339 8447 
396 6626 7122 3714 5396 7044 6646 8523 972 573 1677 4431 783 
397 6720 2963 884 5816 5000 9241 3563 4716 2077 3389 
398 8241 2837 2199 5256 9864 1386 3210 3114 2221 6541 574 
399 7361 1416 3657 716 5965 3661 4238 4559 4178 7763 117 8918 6935 
400 6594 5859 9414 6568 712 814 2037 5525 5398 1048 2904 318 5086 
401 5008 6260 8133 7543 5479 8281 1353 7482 2634 315 3422 
402 9760 8673 8033 4422 5287 9065 1555 4597 4470 3193 1307 6205 8958 
403 5345 4356 9959 4489 7690 9450 9146 8714 3595 7307 
404 8562 8627 9781 5686 1176 760 458 7674 1515 9131 4203 9230 
405 6112 7937 3794 5011 3780 2950 8295 1723 2318 
406 3216 3600 16 6369 5234 6934 8471 8375 7465 6348 7837 734 
407 7715 6467 9044 598 6072 8424 3019 5308 9598 7999 
408 4769 7249 8337 7459 1558 6823 3895 7288 9960 4362 2574 
409 544 7969 7155 611 643 9318 9462 2426 9019 1547 6191 
410 7330 1220 6119 6062 2225 8145 9266 5747 308 7028 2491 9147 7484 
411 5840 337 7537 8866 8276 1509 2885 2118 439 8429 1007 
412 7680 240 64 8225 8514 7749 9093 870 1495 7914 4843 9292 
413 1664 9329 3697 7075 3523 6471 8698 2508 4557 29 3261 
414 2785 4258 8743 395 624 5073 8725 5557 2744 3227 2462 2494 2206 
415 4576 7043 5187 133 8213 5895 312 8074 4124 7279 
416 1280 6064 4260 7014 6663 5705 4475 7852 4988 3469 7294 2206 
417 7984 6548 8676 8965 102 9863 3416 3193 5915 475 7117 6878 
418 8742 3463 936 6828 4749 4014 4304 3251 1238 6102 1242 4829 4797 5119 
419 3648 1569 5062 3304 6546 8819 4883 9843 3158 4088 4825 379 6459 
420 7840 1009 8786 6115 1303 8057 6537 3962 2186 9547 1180 
421 1632 8898 5155 6116 6439 7912 5386 6221 6511 9941 2583 345 9948 
422 4064 8241 9409 2722 8952 9211 5389 2829 5533 9966 
423 8272 3873 9905 3538 3540 9397 3097 6665 7162 9196 2140 847 
424 9728 7393 2530 3188 2676 3253 6055 6121 554 4538 8922 1276 
425 9028 1060 5829 9641 1322 587 8786 84 6196 4280 4252 4060 9247 
426 3841 675 3971 5956 8741 7078 49 6611 4982 3415 3896 4569 8989 
427 8033 6722 1762 4995 5220 8276 6740 5431 2683 9259 7406 687 
428 4289 6353 3348 9366 9031 7307 7980 7901 6461 2461 639 
429 9588 9653 5991 984 1259 844 4029 6461 8399 6511 
430 1987 5731 3525 3397 7975 1991 3944 8554 8683 5867 5138 2521 1113 6523 
431 9088 8004 8436 9956 4712 8186 5003 1788 9695 6335 
432 7043 3747 7204 3461 8358 6793 4137 4013 2542 847 3762 8982 4791 3001 540 
433 2499 1091 1320 8649 2314 7114 7467 3853 9585 3573 9239 5208 5407 
434 529 4195 4243 3332 7430 6502 9159 4904 3739 652 7197 
435 9648 7685 5958 4791 1335 1032 3146 8011 5099 191 847 
436 2450 7058 5365 7925 4214 6503 2249 7130 7003 2061 
437 7253 1398 8278 9558 2055 9657 7737 42 6972 894 7807 
438 4612 1892 2326 4486 3079 3929 7770 2380 1325 7774 6846 3119 
439 6529 8803 7525 262 4582 5005 3729 3825 2580 9685 9622 247 955 8894 
440 8145 2483 516 788 8424 2985 6345 9531 2925 5661 5614 6895 
441 9137 6609 7923 2805 8869 4086 4089 9292 6589 4477 6863 
442 1044 2228 3653 5029 3959 3785 9 7770 3563 8123 1309 8911 
443 1952 5350 3783 3307 8780 6958 7859 8408 3064 1821 5661 5022 4766 3742 2111 
444 1889 6691 1285 5285 6470 7117 8143 2706 8178 756 5429 4924 3230 1246 5887 
445 1777 6179 1811 2628 9816 3320 1195 3373 1902 2798 2415 
446 1441 3745 4034 5158 6311 9067 8015 6991 3280 7536 4243 4821 2872 4633 
447 6624 2113 4293 2278 296 2314 3821 6189 2191 6037 2909 7454 2431 
448 5473 1075 4084 5509 277 2998 2871 5032 1194 8444 
449 7442 3813 6069 6502 3622 982 1558 502 8647 1800 6521 5578 
450 9170 4867 4803 7556 9060 4693 4805 854 809 6507 1181 8173 
451 4896 8785 1075 4328 2872 5048 4891 3707 9148 9229 8061 
452 4736 9440 1665 6115 8483 7043 9093 3015 2087 6218 4907 2707 5880 250 5146 3835 2653 8287 
453 1888 3683 6180 1255 8330 395 1871 6704 4310 3708 6684 2429 94 
454 1952 5168 7201 6721 3297 6673 7058 4357 8806 989 2798 
455 258 5290 5531 2572 1758 6974 3038 7598 7567 
456 7489 3333 9800 7208 3401 142 5359 9711 4596 5401 2458 1882 7741 
457 6784 9986 7362 4466 5186 8052 1881 8156 6364 3902 2895 
458 2017 9094 7943 9930 2701 7567 4561 1682 7221 1558 1528 3739 3324 
459 6563 2245 3014 5738 4172 7215 850 5043 915 3705 7643 5662 3775 
460 7104 6339 7883 7947 1613 6606 9140 8600 7802 3195 4604 9821 7775 
461 4240 9351 727 9415 9608 88 8457 587 5787 1135 8159 
462 1345 5442 5508 7976 3016 1576 9787 4301 8461 8718 2734 
463 2371 4485 8773 9482 2539 3691 6763 3727 5492 9655 151 2871 5880 761 4189 
464 8274 2500 3860 8806 4039 8185 9690 9387 4332 
465 8689 7811 2276 340 3973 8390 1639 3018 4412 2029 7967 
466 3744 6275 8451 8516 5796 9797 267 9967 7185 8980 8060 9820 9342 
467 5809 9458 3154 3747 3716 9988 6148 7302 1191 8279 5705 9228 
468 7489 4066 4851 9508 9991 1224 5131 7022 2815 3471 
469 5056 2609 2785 9313 131 7412 3541 3095 603 3067 6476 9711 
470 9440 5442 7363 1574 6056 7082 6763 4077 3121 7698 9683 1692 8413 
471 8352 8707 1637 7239 5192 8458 9420 4688 4752 1424 2417 9073 8604 
472 2464 2689 530 3928 6780 29 6637 3310 286 8287 
473 7073 3122 852 4325 3211 27 7804 2573 8463 
474 6144 4963 773 5734 4296 6961 5075 436 5277 9566 2462 6078 3230 
475 8272 2225 3041 7921 7684 6213 8038 6076 2703 
476 7329 1634 5554 9715 9061 4214 616 1930 3887 
477 4837 5941 5206 6231 9593 1834 4123 2188 1757 
478 8992 7713 3521 2759 5677 5679 2896 1682 2196 7893 5526 9463 6329 2623 
479 6880 3812 7991 1625 205 
480 9521 7362 5637 9366 5433 9305 810 
482 4646 2215 9675 
483 4561 6691 1047 2953 
484 9522 5322 138 8092 5485 4045 798 2286 7503 
485 5490 3031 360 9274 8010 1628 3404 8831 
486 4296 
487 2224 912 4560 833 3377 9395 1718 8793 7627 5195 3774 
488 9664 6065 7218 4755 1428 136 3097 137 956 5997 9566 
489 7904 5555 2228 1942 1847 7500 7197 
490 1352 
492 2256 8211 291 1604 9654 5958 1945 5257 2796 2860 
493 9233 8517 6422 8119 5656 9931 
494 174 
496 5649 2981 6693 3672 1881 7755 6444 3692 7134 
497 6666 
498 3392 211 6501 1606 3895 2730 670 
499 322 6132 7116 3900 
