100
0 0 1 2498 322 452 8 9 3977 10 12 14 17 82 19 1110 24 3160 25 92 2334 9054 7266 2594 4329 425 110 7854 1776 177 1009 2482 1462 250 
1 0 1 65 1089 2 323 3 4 5 199 5515 13 14 5519 464 278 22 25 1572 37 7269 41 6890 364 1581 430 46 9903 240 5361 178 58 1403 123 700 3198 831 
2 0 1 65 2 3 5 69 6 137 10 138 9547 11 12 13 16 722 23 344 88 27 29 32 34 102 41 3244 1966 110 111 47 2610 54 7995 2878 
3 0 768 1 257 65 2 3 4 6 2696 9 906 75 718 590 15 18 147 6166 1888 2657 165 41 105 170 42 173 1456 1073 1329 
4 0 1 129 2 4 5 6 519 7 7687 72 12 76 13 7055 724 25 26 27 30 1310 36 676 2088 3689 941 1582 3056 2098 50 503 248 120 511 
5 0 1 2 3 452 5 262 582 199 3016 8 9 7497 202 10 11 12 1740 526 7574 27 284 28 97 37 3110 41 109 1263 48 1846 4790 439 
6 256 0 1 2 1922 3 4 5 6 9414 2951 7 719 18 19 86 22 151 24 25 669 29 8989 1502 736 1121 609 162 36 166 684 1327 1141 1016 62 
7 0 1 2 66 4 5 133 6 7 584 74 458 11 843 8461 6031 848 21 28 30 354 933 38 230 807 168 41 170 45 238 303 4848 5429 118 119 59 60 
8 0 64 1 3266 3 4 6 70 7 8 9 10 1290 12 333 16 20 212 468 21 406 22 24 88 25 1562 37 295 103 487 105 8620 1137 53 3389 574 127 
9 0 1 962 5442 2 3 3972 5 6 7 9 10 13 16 21 7192 26 1756 4253 33 1313 676 293 2406 425 5226 174 48 6643 54 1334 123 316 
10 0 1 2 4 836 2628 6 2950 5638 1737 203 11 12 13 4430 142 17 529 1041 1363 4372 533 23 24 26 346 9053 33 1390 4526 559 628 9086 
11 0 1 2 3 5 6 7 1671 72 6408 138 203 11 7884 653 17 18 1621 24 3224 8601 90 349 31 34 35 356 554 236 492 111 112 50 7155 245 3000 125 
12 0 1 2177 2 5762 3 1476 2757 519 9 10 11 845 78 2128 16 2961 2264 6042 154 90 28 796 5276 29 1502 1310 288 1378 1250 7399 6571 300 45 3955 116 117 57 61 383 
13 0 1 577 2 3 4 69 6 7 1610 12 77 1105 17 18 83 2579 20 1686 24 152 25 602 27 5532 6943 1951 422 1126 425 44 176 113 3700 885 2494 3262 
14 0 1216 128 65 1 6979 3 4 1861 71 9 137 11 14 143 15 17 25 224 34 35 355 4133 1190 231 168 936 233 236 46 47 175 115 2619 
15 0 1 1345 2114 2 2818 3 4 5 7 8 1161 138 14 206 2065 1489 19 3476 20 405 22 87 280 2521 284 3679 103 39 233 43 45 1263 2291 52 54 186 60 9021 
16 0 1 2 66 1026 3 4 196 7 10 11 1100 398 15 9295 1296 17 5526 151 87 24 2522 3548 355 36 1576 3500 50 6450 246 1979 
17 0 1 2 3 5893 5 454 7 8 9 7818 10 11 12 13 14 20 468 346 2202 94 96 34 37 38 236 1710 1518 176 948 4278 759 633 186 189 
18 0 1 2 3 4 5381 6 10 13 17 465 18 979 21 1687 26 1052 157 286 95 33 546 3813 169 7593 3626 4781 178 118 56 632 8703 
19 0 1 2 131 3 4 5 8 73 75 13 14 3790 2193 19 468 2453 21 277 22 2264 345 26 92 28 2911 4063 96 5926 9768 168 43 1132 114 243 2233 250 571 188 253 
20 0 1 2 3 516 69 9798 6 8 712 137 1290 11 1039 15 655 210 82 1554 19 148 20 214 406 23 280 88 26 218 27 5154 2979 39 935 2153 107 44 561 7606 247 120 250 62 
21 0 1 2 4 5 6 8 9 2825 10 74 1482 11 12 13 77 9677 1293 18 85 342 23 1304 409 474 412 156 168 1128 2025 109 2160 2546 249 1148 
22 0 1024 1 2 3 4 69 389 6599 7 7624 73 138 1290 11 6731 205 462 14 6035 19 22 23 24 89 859 1563 157 1310 96 37 40 173 47 49 244 822 442 2045 
23 0 1 2 3 3843 4 1156 5 517 6 7 8 11 17 1042 83 3735 984 26 1948 93 33 39 554 46 1967 50 55 247 3066 253 510 126 
24 0 1 65 1217 769 641 2 323 3 4 5 6 583 8 9 330 75 20 21 725 25 602 91 31 3301 167 40 6697 3756 3699 1011 181 186 252 62 
25 0 1 2 1859 3 5 6 3079 7242 14 270 463 2191 1490 83 21 22 2199 1495 2264 26 602 226 227 36 807 106 433 757 952 127 
26 0 1 2 258 3 1027 1667 4 9798 4807 3975 328 8 9 587 12 13 3730 469 597 406 278 1816 27 28 1436 2844 2333 222 1951 289 5027 1127 6249 4335 63 
27 0 1 3 4 3140 5 6 71 7624 9 10 12 2960 17 19 343 984 24 3097 29 414 286 160 2848 33 609 1954 35 4584 45 431 2805 121 57 59 
28 0 1 3 4 645 69 7 7431 8 588 205 15 272 81 148 217 29 349 4895 225 3617 161 5921 38 105 44 301 51 55 121 1150 830 1663 
29 448 0 1 3 4 196 5 8 9 73 10 138 780 396 9357 13 18 150 22 153 671 226 424 2153 6571 112 176 178 760 57 59 190 127 
30 0 64 1 65 2 4 5 7 9 10 12 13 16 81 145 659 19 275 2196 148 22 408 1310 31 992 97 418 37 3941 103 8871 40 46 371 1332 2932 1401 1017 121 1210 58 
31 0 3 4 132 5 6 7 9 9162 138 4683 12 918 24 27 29 5021 7070 3618 1506 354 39 1320 172 238 47 5359 50 53 1530 2426 126 
32 0 1 2882 7170 2 3458 3 4 5 709 1414 6 3975 9 10 12 15 81 18 1368 281 89 859 861 31 32 34 3110 6382 175 113 180 
33 0 2624 66 2 582 6 8 968 523 75 203 7437 14 16 17 82 18 20 1365 151 25 990 158 31 4129 289 34 39 1257 2219 2862 46 118 57 446 
34 0 1 65 2 3 4 70 134 519 4104 264 9 1866 10 8076 6604 4685 77 148 24 89 5850 1378 99 35 101 550 2986 42 55 3768 4474 
35 0 1 2 3 259 4 4164 4613 69 7 8 137 10 138 11 471 24 1752 344 25 27 476 28 7970 483 3236 5221 235 44 1074 1909 55 6012 316 2239 
36 0 1 513 2 67 4 5 6 7 714 11 12 1806 337 19 85 21 406 5526 24 280 2591 864 225 676 39 40 169 554 1388 176 49 5361 
37 0 1 322 2 514 3140 69 6 7 1737 10 395 14 15 16 4752 1233 18 594 19 1372 412 31 866 6755 1315 106 363 7981 817 51 54 566 57 62 
38 0 641 1 3 4 6 839 71 1671 8 73 138 715 13 399 271 1424 24 3097 94 30 355 165 101 364 50 8948 502 8444 60 61 
39 0 1 322 2 3 68 6 2503 1927 583 9 10 13 1743 2383 209 468 86 665 219 94 4768 34 1251 99 166 172 46 56 186 701 189 1854 
40 0 1 2 2818 3 68 452 4 5 8 331 2190 210 5778 19 20 23 24 859 412 796 92 284 1502 32 97 105 169 490 753 3761 1591 125 
41 0 64 1 2 3 4 71 7 136 6538 11 12 14 722 20 21 725 26 156 2076 2848 99 35 2344 5737 1706 554 1516 5038 50 52 1148 
42 0 1 2 3 131 4 708 6 7 8 73 138 1290 15 1552 19 1108 21 25 26 27 94 478 2400 800 8931 36 5412 164 422 809 42 44 46 432 1460 9338 315 
43 0 8512 1 2 3 68 132 580 197 7 8 3528 9 138 11 76 12 15 17 19 21 23 26 1435 3488 224 6379 493 109 625 243 249 57 59 187 1723 382 
44 0 1 2 66 3 4 708 69 5 6 71 2568 649 2955 15 6992 20 791 26 90 6044 1826 163 4964 486 170 1073 113 498 56 4089 58 63 
45 384 0 1 193 1601 2 3 131 5 6 7 8 6729 11 8843 12 462 17 278 27 155 31 225 1954 229 42 554 107 44 47 5999 239 4211 183 59 509 
46 0 1 2 3 323 4 70 7 8 9 329 1805 142 15 83 19 788 25 412 476 733 1502 2591 4704 544 8160 2848 1704 428 9517 9902 815 1263 48 50 4148 118 183 58 315 1340 383 63 
47 0 129 193 194 130 2 67 3 4 5 7685 775 266 138 12 140 1679 17 1235 981 8150 23 2266 28 1119 101 37 5990 1001 236 109 1134 1072 115 245 55 
48 0 1 2 3 4 5 6 7 9 74 138 77 14 79 4821 25 218 27 28 5728 96 33 3684 36 37 5479 3692 366 2158 2863 176 115 9652 437 55 124 
49 0 64 1 2177 2 3 4 646 1671 8 9 8973 14 272 17 2513 19 276 23 88 155 28 29 419 35 9957 7718 1959 297 42 108 109 51 8180 118 6137 58 123 63 
50 0 1 1089 2 3 4 5 197 6 7 8 73 587 142 2575 17 151 90 2587 4060 2076 9061 1574 2477 301 111 4722 6130 4659 371 1141 54 1532 1084 60 126 
51 0 1728 1 2 2818 4 1989 6 966 7 200 9 13 78 14 334 8783 17 9234 788 213 597 21 725 9365 22 23 24 27 28 159 288 33 4705 2410 45 2420 508 4606 63 
52 0 1 2625 2 3 5 4869 6 7 9 13 269 14 143 16 1361 4947 5524 21 2327 1561 28 29 1950 32 224 37 38 7979 5681 309 8056 120 56 5625 
53 0 1 2 4 5 6 70 7433 138 11 12 13 909 334 17 18 19 20 21 22 23 2135 216 25 26 1434 3038 161 225 100 230 2282 171 45 369 114 1077 184 121 510 62 4478 
54 0 1 3 4 5 197 6 7 263 968 521 9 14 15 597 88 26 1694 95 225 1058 37 678 6438 39 6440 360 108 9519 119 826 6907 
55 0 1 2 3 132 5 6 8 10 11 460 12 14 15 16 18 1107 19 789 25 8345 1373 1502 543 1184 3425 163 6887 108 3244 303 1137 115 117 53 377 57 121 
56 0 1 2 3 2051 4 391 7 11 6348 16 18 3794 19 3796 21 23 88 799 32 34 485 2282 108 44 3244 46 112 8114 50 179 1913 2431 
57 0 1 2 2883 3 69 6 7 456 8 968 778 10 11 268 16 82 1107 83 21 6169 25 2458 5724 1696 38 619 111 176 180 53 117 4152 4859 2683 1595 
58 128 0 4 5 3973 7 2184 8 329 138 11 77 1741 1614 144 1363 9175 280 730 867 7274 235 6188 1902 48 9073 179 55 2746 124 
59 64 1728 0 1 2 3 1412 5 902 70 585 10 2187 11 2060 16 82 1429 22 216 605 6238 1566 225 2980 37 39 2479 1264 2295 762 58 189 127 
60 0 1 65 130 5442 3 452 4 69 710 7 5641 9 11 2380 19 20 4247 88 6234 2652 28 2973 33 35 36 101 1126 8743 232 1324 4973 5038 3759 52 951 122 1213 
61 0 1 2 4 6 8 9 1737 266 11 1167 81 978 20 23 89 9305 26 411 9566 478 356 100 2148 1572 295 939 49 242 52 5812 53 5055 
62 64 0 1 2 770 3 5 69 7 135 583 72 9 10 1610 202 11 332 77 14 16 17 5014 662 214 23 919 1051 31 32 356 164 107 2091 43 495 1263 112 1841 117 56 62 
63 0 2 2178 2690 3 1283 4 5 5190 5127 12 7820 14 16 147 148 22 24 280 1183 33 5410 34 42 45 115 1206 57 2363 59 188 
64 0 1 2 3 1283 4 265 10 206 79 17 6165 86 282 987 29 352 32 2145 34 35 3940 229 358 105 299 1005 49 565 373 310 56 
65 0 1 65 2 3 4 5 6 7 8 9 2889 10 332 14 15 18 82 402 83 2195 23 280 155 1245 34 98 6243 1956 38 104 107 626 52 246 57 123 127 
66 0 4673 1 2 1282 3 133 5 70 774 4872 9 12 13 14 211 4180 5973 662 5915 795 7325 669 158 97 35 36 103 42 300 236 51 4019 53 309 58 252 
67 0 1 2 3 7 1863 1671 8 1225 9 779 14 78 15 2769 18 19 2132 21 472 25 601 28 29 95 32 38 39 46 47 240 49 6259 309 119 63 3711 
68 0 1 2 3 68 4 6661 9 10 11 651 12 13 207 15 16 81 21 279 26 8733 33 161 5350 4138 1130 621 433 244 57 1593 253 
69 0 3520 1 2 3 4 5 6 7 8 1482 13 18 24 216 738 1061 1446 2662 936 3561 3499 47 6767 3249 3059 884 756 245 54 566 119 57 699 7231 63 
70 0 1 2 3 132 4 69 6 8 1224 76 204 2062 3600 343 156 287 34 9442 5797 9896 42 3244 46 3246 112 2033 49 5492 116 372 501 1078 378 1917 
71 0 1 2 3 67 4 5 391 651 1099 11 12 268 13 15 143 4370 84 404 22 663 8088 5275 5020 29 350 2212 164 37 41 2665 1389 112 55 3003 443 2684 
72 0 1 2 131 3 2052 4 5 6 72 9 201 10 11 3532 14 1807 16 724 20 23 91 348 34 742 8168 2218 45 46 50 2739 8629 120 187 251 316 6783 
73 0 1 65 2 3 4 5 6 7 9 1545 74 3338 1866 11 716 268 19 21 7702 22 6359 1495 27 29 30 1311 33 359 113 50 180 56 3131 891 252 637 3774 
74 0 1 258 3 5 6 264 9 4938 10 11 12 142 15 2385 209 21 22 344 1048 25 27 32 33 612 102 168 42 5034 8365 50 6642 53 
75 0 1 2 3 835 4 388 5 6 73 10 11 141 15 87 1499 1883 27 1373 1119 33 97 37 229 358 5672 427 9134 118 1593 762 62 1279 
76 0 128 1 2 3 5 6 455 8 9 10 11 3596 2060 3279 16 17 20 22 27 2715 3228 35 39 103 43 556 47 48 3379 245 2938 188 
77 0 1 2 4 197 134 6 7 9 2378 11 76 78 16 273 18 8466 19 20 2517 21 24 217 6745 28 222 168 554 1071 499 59 635 2942 447 1407 
78 0 1 2 3 67 4 5 6 8 9 10 3274 76 17 18 19 21 982 23 665 28 1438 1697 35 1959 233 42 365 6001 6514 435 53 310 1591 4025 3900 8702 5566 
79 0 130 2 3 4 6 199 72 11 331 12 13 15 79 9041 21 2838 28 96 1121 5222 1318 167 1896 41 2987 50 51 948 1590 380 124 
80 0 1 2 3 5 6 7 71 1159 4680 8 10 138 11 15 1232 17 25 2012 9628 29 797 609 99 36 869 41 299 4908 46 112 51 380 319 703 
81 0 129 1 2 131 3 4 5 7 8 200 1865 9 652 12 15 1361 402 19 28 93 94 37 3430 38 103 41 44 5170 3252 309 119 1079 56 
82 0 1 193 2 3 4 517 6 1606 7 8 12 13 14 16 1937 337 19 21 94 1759 1119 32 5472 161 34 37 234 426 3502 9711 625 435 184 378 59 
83 0 1857 1 2433 2 66 3 68 6 71 1483 13 4046 14 6158 6607 593 83 19 21 150 279 1623 89 25 155 349 157 42 561 1843 54 375 56 
84 0 256 1 386 2 4 390 8 9 74 12 14 15 16 145 86 4824 26 542 9375 31 9890 5091 39 40 3433 42 363 111 47 176 1012 5052 2812 
85 0 1 2 3 6787 4 7557 134 7 9 11 13 14 656 720 25 2842 219 95 31 99 35 36 356 40 297 938 362 429 687 1071 55 503 187 
86 0 2 2051 3 4 5 7 8 9 10 12 77 5197 16 20 21 23 218 7387 539 27 155 1757 351 33 98 227 8488 3881 940 2221 238 5294 2478 1011 500 117 
87 0 1 2 3 4227 4 5 6 7 4040 138 11 4048 18 338 21 6614 25 224 419 101 104 169 3053 176 49 8949 1334 505 186 251 
88 0 1 2 3 4 5 6 6025 9 10 3915 4171 12 17 4051 21 26 155 92 29 158 1503 672 7777 100 36 3814 42 45 47 1583 117 6137 
89 0 1 2 6082 4 6 7 455 8 9 10 1996 13 1806 1039 17 5270 726 24 538 27 39 105 751 48 178 51 308 1845 8886 57 3644 1340 447 
90 0 1 2 3 4 5 6 7 135 8 10 138 11 139 76 141 15 655 6160 1808 660 21 3223 24 409 27 28 3100 2209 34 1828 229 425 1071 3249 7347 56 4479 
91 0 1 2 4 6 71 1927 455 3208 9 1804 13 16 17 145 209 338 22 407 25 100 42 44 47 48 177 2424 120 184 253 61 
92 0 576 1 2 3 68 4 5 7 8 585 141 13 14 18 20 21 4630 3158 216 25 475 91 6045 1054 97 6052 40 41 949 2360 120 121 6779 
93 0 1152 1 129 2 3 4 8 1481 5834 11 5005 1677 336 1168 19 20 23 9562 158 30 99 35 41 42 107 299 179 51 1396 3317 379 3324 
94 0 1 2 3 67 68 4 900 5 262 2631 1991 4103 8 10 13 17 83 84 25 218 2850 5477 294 807 3053 49 52 436 1790 
95 0 2496 6912 1 65 3 4 69 6 2250 75 13 2639 17 2706 85 150 8087 602 2720 34 36 37 106 48 178 886 891 956 
96 0 1 9794 3 4 5 6 8 715 16 17 723 4182 22 88 156 158 95 4386 36 934 172 753 437 53 1461 182 2235 
97 0 960 1 2 3 4 5 1478 6 519 1992 9 13 4301 14 658 1938 212 278 411 413 670 31 34 99 358 168 1258 1002 249 61 
98 0 6400 1 2 5 8 9 205 13 5645 1487 17 23 410 26 157 1636 40 106 42 43 556 46 175 179 5748 56 6201 1658 
99 0 1 2498 2 3 389 1989 7 8 9 75 270 14 15 16 19 216 25 27 6689 37 933 168 301 1966 175 6705 50 498 51 5299 116 117 1209 1017 1401 4604 
